<html>
<head>
<title>TestNG:  Test</title>
<link href="../testng.css" rel="stylesheet" type="text/css" />
<link href="../my-testng.css" rel="stylesheet" type="text/css" />

<style type="text/css">
.log { display: none;} 
.stack-trace { display: none;} 
</style>
<script type="text/javascript">
<!--
function flip(e) {
  current = e.style.display;
  if (current == 'block') {
    e.style.display = 'none';
    return 0;
  }
  else {
    e.style.display = 'block';
    return 1;
  }
}

function toggleBox(szDivId, elem, msg1, msg2)
{
  var res = -1;  if (document.getElementById) {
    res = flip(document.getElementById(szDivId));
  }
  else if (document.all) {
    // this is the way old msie versions work
    res = flip(document.all[szDivId]);
  }
  if(elem) {
    if(res == 0) elem.innerHTML = msg1; else elem.innerHTML = msg2;
  }

}

function toggleAllBoxes() {
  if (document.getElementsByTagName) {
    d = document.getElementsByTagName('div');
    for (i = 0; i < d.length; i++) {
      if (d[i].className == 'log') {
        flip(d[i]);
      }
    }
  }
}

// -->
</script>

</head>
<body>
<h2 align='center'>Test</h2><table border='1' align="center">
<tr>
<td>Tests passed/Failed/Skipped:</td><td>3/1/2</td>
</tr><tr>
<td>Started on:</td><td>Mon Jun 10 10:32:17 PKT 2019</td>
</tr>
<tr><td>Total time:</td><td>33 seconds (33246 ms)</td>
</tr><tr>
<td>Included groups:</td><td></td>
</tr><tr>
<td>Excluded groups:</td><td></td>
</tr>
</table><p/>
<small><i>(Hover the method name to see the test class name)</i></small><p/>
<table width='100%' border='1' class='invocation-failed'>
<tr><td colspan='4' align='center'><b>FAILED TESTS</b></td></tr>
<tr><td><b>Test method</b></td>
<td width="30%"><b>Exception</b></td>
<td width="10%"><b>Time (seconds)</b></td>
<td><b>Instance</b></td>
</tr>
<tr>
<td title='web.swipBox.test_cases.ServicePointFilters.servicePointsFiltersByType()'><b>servicePointsFiltersByType</b><br>Test class: web.swipBox.test_cases.ServicePointFilters<br>Parameters: SP11165, IslamAbadTesting, PL, Al Rehman Plaza , G-11<br/>
<a href="#Output-99808631" onClick='toggleBox("Output-99808631", this, "Show output", "Hide output");'>Show output</a>

<a href="#Output-99808631" onClick="toggleAllBoxes();">Show all outputs</a>
<div class='log' id="Output-99808631">
Click to see the screenshot<br/>
<a target="_blank" href=Mon_Jun_10_10_32_50_PKT_2019.jpg>Screenshot</a><br/>
<br><br/>
<a target="_blank" href="+TestUtil.screenshotName+ "><img src=Mon_Jun_10_10_32_50_PKT_2019.jpg height=500 width=500></img></a><br/>
</div>
</td>
<td><div><pre>org.openqa.selenium.NoSuchElementException: no such element: Unable to locate element: {&quot;method&quot;:&quot;xpath&quot;,&quot;selector&quot;:&quot;//div[1]/form/div/div/input[contains(text(),&apos;Al Rehman Plaza , G-11&apos;)]&quot;}
  (Session info: chrome=74.0.3729.169)
  (Driver info: chromedriver=74.0.3729.6 (255758eccf3d244491b8a1317aa76e1ce10d57e9-refs/branch-heads/3729@{#29}),platform=Windows NT 6.3.9600 x86_64) (WARNING: The server did not provide any stacktrace information)
Command duration or timeout: 10.03 seconds
For documentation on this error, please visit: http://seleniumhq.org/exceptions/no_such_element.html
Build info: version: &apos;2.53.1&apos;, revision: &apos;a36b8b1cd5757287168e54b817830adce9b0158d&apos;, time: &apos;2016-06-30 19:26:09&apos;
System info: host: &apos;USER&apos;, ip: &apos;192.168.0.110&apos;, os.name: &apos;Windows 8.1&apos;, os.arch: &apos;amd64&apos;, os.version: &apos;6.3&apos;, java.version: &apos;1.8.0_181&apos;
Driver info: org.openqa.selenium.chrome.ChromeDriver
Capabilities [{mobileEmulationEnabled=false, timeouts={implicit=0, pageLoad=300000, script=30000}, hasTouchScreen=false, platform=WIN8_1, acceptSslCerts=false, goog:chromeOptions={debuggerAddress=localhost:49959}, acceptInsecureCerts=false, webStorageEnabled=true, browserName=chrome, takesScreenshot=true, javascriptEnabled=true, setWindowRect=true, unexpectedAlertBehaviour=ignore, applicationCacheEnabled=false, rotatable=false, networkConnectionEnabled=false, chrome={chromedriverVersion=74.0.3729.6 (255758eccf3d244491b8a1317aa76e1ce10d57e9-refs/branch-heads/3729@{#29}), userDataDir=C:\Users\admin\AppData\Local\Temp\scoped_dir5180_16191}, takesHeapSnapshot=true, pageLoadStrategy=normal, strictFileInteractability=false, databaseEnabled=false, handlesAlerts=true, version=74.0.3729.169, browserConnectionEnabled=false, proxy={}, nativeEvents=true, locationContextEnabled=true, cssSelectorsEnabled=true}]
Session ID: 0d9bf4cba459d911f63c7b534a4b0a23
*** Element info: {Using=xpath, value=//div[1]/form/div/div/input[contains(text(),&apos;Al Rehman Plaza , G-11&apos;)]}
	at org.openqa.selenium.remote.ErrorHandler.createThrowable(ErrorHandler.java:206)
	at org.openqa.selenium.remote.ErrorHandler.throwIfResponseFailed(ErrorHandler.java:158)
	at org.openqa.selenium.remote.RemoteWebDriver.execute(RemoteWebDriver.java:678)
	at org.openqa.selenium.remote.RemoteWebDriver.findElement(RemoteWebDriver.java:363)
	at org.openqa.selenium.remote.RemoteWebDriver.findElementByXPath(RemoteWebDriver.java:500)
	at org.openqa.selenium.By$ByXPath.findElement(By.java:361)
	at org.openqa.selenium.remote.RemoteWebDriver.findElement(RemoteWebDriver.java:355)
	at web.swipBox.PageController.Page.verifyEquals(Page.java:270)
	at web.swipBox.PageObject.ServicePointsPage.filterServicePoint(ServicePointsPage.java:167)
	at web.swipBox.test_cases.ServicePointFilters.servicePointsFiltersByType(ServicePointFilters.java:32)
... Removed 31 stack frames</pre></div><a href='#' onClick='toggleBox("stack-trace99808631", this, "Click to show all stack frames", "Click to hide stack frames")'>Click to show all stack frames</a>
<div class='stack-trace' id='stack-trace99808631'><pre>org.openqa.selenium.NoSuchElementException: no such element: Unable to locate element: {&quot;method&quot;:&quot;xpath&quot;,&quot;selector&quot;:&quot;//div[1]/form/div/div/input[contains(text(),&apos;Al Rehman Plaza , G-11&apos;)]&quot;}
  (Session info: chrome=74.0.3729.169)
  (Driver info: chromedriver=74.0.3729.6 (255758eccf3d244491b8a1317aa76e1ce10d57e9-refs/branch-heads/3729@{#29}),platform=Windows NT 6.3.9600 x86_64) (WARNING: The server did not provide any stacktrace information)
Command duration or timeout: 10.03 seconds
For documentation on this error, please visit: http://seleniumhq.org/exceptions/no_such_element.html
Build info: version: &apos;2.53.1&apos;, revision: &apos;a36b8b1cd5757287168e54b817830adce9b0158d&apos;, time: &apos;2016-06-30 19:26:09&apos;
System info: host: &apos;USER&apos;, ip: &apos;192.168.0.110&apos;, os.name: &apos;Windows 8.1&apos;, os.arch: &apos;amd64&apos;, os.version: &apos;6.3&apos;, java.version: &apos;1.8.0_181&apos;
Driver info: org.openqa.selenium.chrome.ChromeDriver
Capabilities [{mobileEmulationEnabled=false, timeouts={implicit=0, pageLoad=300000, script=30000}, hasTouchScreen=false, platform=WIN8_1, acceptSslCerts=false, goog:chromeOptions={debuggerAddress=localhost:49959}, acceptInsecureCerts=false, webStorageEnabled=true, browserName=chrome, takesScreenshot=true, javascriptEnabled=true, setWindowRect=true, unexpectedAlertBehaviour=ignore, applicationCacheEnabled=false, rotatable=false, networkConnectionEnabled=false, chrome={chromedriverVersion=74.0.3729.6 (255758eccf3d244491b8a1317aa76e1ce10d57e9-refs/branch-heads/3729@{#29}), userDataDir=C:\Users\admin\AppData\Local\Temp\scoped_dir5180_16191}, takesHeapSnapshot=true, pageLoadStrategy=normal, strictFileInteractability=false, databaseEnabled=false, handlesAlerts=true, version=74.0.3729.169, browserConnectionEnabled=false, proxy={}, nativeEvents=true, locationContextEnabled=true, cssSelectorsEnabled=true}]
Session ID: 0d9bf4cba459d911f63c7b534a4b0a23
*** Element info: {Using=xpath, value=//div[1]/form/div/div/input[contains(text(),&apos;Al Rehman Plaza , G-11&apos;)]}
	at sun.reflect.NativeConstructorAccessorImpl.newInstance0(Native Method)
	at sun.reflect.NativeConstructorAccessorImpl.newInstance(NativeConstructorAccessorImpl.java:62)
	at sun.reflect.DelegatingConstructorAccessorImpl.newInstance(DelegatingConstructorAccessorImpl.java:45)
	at java.lang.reflect.Constructor.newInstance(Constructor.java:423)
	at org.openqa.selenium.remote.ErrorHandler.createThrowable(ErrorHandler.java:206)
	at org.openqa.selenium.remote.ErrorHandler.throwIfResponseFailed(ErrorHandler.java:158)
	at org.openqa.selenium.remote.RemoteWebDriver.execute(RemoteWebDriver.java:678)
	at org.openqa.selenium.remote.RemoteWebDriver.findElement(RemoteWebDriver.java:363)
	at org.openqa.selenium.remote.RemoteWebDriver.findElementByXPath(RemoteWebDriver.java:500)
	at org.openqa.selenium.By$ByXPath.findElement(By.java:361)
	at org.openqa.selenium.remote.RemoteWebDriver.findElement(RemoteWebDriver.java:355)
	at web.swipBox.PageController.Page.verifyEquals(Page.java:270)
	at web.swipBox.PageObject.ServicePointsPage.filterServicePoint(ServicePointsPage.java:167)
	at web.swipBox.test_cases.ServicePointFilters.servicePointsFiltersByType(ServicePointFilters.java:32)
	at sun.reflect.NativeMethodAccessorImpl.invoke0(Native Method)
	at sun.reflect.NativeMethodAccessorImpl.invoke(NativeMethodAccessorImpl.java:62)
	at sun.reflect.DelegatingMethodAccessorImpl.invoke(DelegatingMethodAccessorImpl.java:43)
	at java.lang.reflect.Method.invoke(Method.java:498)
	at org.testng.internal.MethodInvocationHelper.invokeMethod(MethodInvocationHelper.java:84)
	at org.testng.internal.Invoker.invokeMethod(Invoker.java:714)
	at org.testng.internal.Invoker.invokeTestMethod(Invoker.java:901)
	at org.testng.internal.Invoker.invokeTestMethods(Invoker.java:1231)
	at org.testng.internal.TestMethodWorker.invokeTestMethods(TestMethodWorker.java:127)
	at org.testng.internal.TestMethodWorker.run(TestMethodWorker.java:111)
	at org.testng.TestRunner.privateRun(TestRunner.java:767)
	at org.testng.TestRunner.run(TestRunner.java:617)
	at org.testng.SuiteRunner.runTest(SuiteRunner.java:348)
	at org.testng.SuiteRunner.runSequentially(SuiteRunner.java:343)
	at org.testng.SuiteRunner.privateRun(SuiteRunner.java:305)
	at org.testng.SuiteRunner.run(SuiteRunner.java:254)
	at org.testng.SuiteRunnerWorker.runSuite(SuiteRunnerWorker.java:52)
	at org.testng.SuiteRunnerWorker.run(SuiteRunnerWorker.java:86)
	at org.testng.TestNG.runSuitesSequentially(TestNG.java:1224)
	at org.testng.TestNG.runSuitesLocally(TestNG.java:1149)
	at org.testng.TestNG.run(TestNG.java:1057)
	at org.apache.maven.surefire.testng.TestNGExecutor.run(TestNGExecutor.java:293)
	at org.apache.maven.surefire.testng.TestNGXmlTestSuite.execute(TestNGXmlTestSuite.java:84)
	at org.apache.maven.surefire.testng.TestNGProvider.invoke(TestNGProvider.java:91)
	at org.apache.maven.surefire.booter.ForkedBooter.invokeProviderInSameClassLoader(ForkedBooter.java:200)
	at org.apache.maven.surefire.booter.ForkedBooter.runSuitesInProcess(ForkedBooter.java:153)
	at org.apache.maven.surefire.booter.ForkedBooter.main(ForkedBooter.java:103)
</pre></div></td>
<td>10</td>
<td>web.swipBox.test_cases.ServicePointFilters@2ceb80a1</td></tr>
</table><p>
<table width='100%' border='1' class='invocation-passed'>
<tr><td colspan='4' align='center'><b>PASSED TESTS</b></td></tr>
<tr><td><b>Test method</b></td>
<td width="30%"><b>Exception</b></td>
<td width="10%"><b>Time (seconds)</b></td>
<td><b>Instance</b></td>
</tr>
<tr>
<td title='web.swipBox.test_cases.EmailLogin.emailLogin()'><b>emailLogin</b><br>Test class: web.swipBox.test_cases.EmailLogin<br>Parameters: yasir.nazir@swipbox.com, 12345678s<br/>
<a href="#Output-594858858" onClick='toggleBox("Output-594858858", this, "Show output", "Hide output");'>Show output</a>

<a href="#Output-594858858" onClick="toggleAllBoxes();">Show all outputs</a>
<div class='log' id="Output-594858858">
<br>Verification Success and you got text on page : Dashboard<br><br/>
<br><br/>
<a target="_blank" href="+TestUtil.screenshotName+ "><img src=Mon_Jun_10_10_32_27_PKT_2019.jpg height=500 width=500></img></a><br/>
<br><br/>
<a target="_blank" href=Mon_Jun_10_10_32_27_PKT_2019.jpg>Screenshot</a><br/>
<br><br/>
<a target="_blank" href="+TestUtil.screenshotName+ "><img src=Mon_Jun_10_10_32_27_PKT_2019.jpg height=500 width=500></img></a><br/>
</div>
</td>
<td></td>
<td>9</td>
<td>web.swipBox.test_cases.EmailLogin@64ba3208</td></tr>
<tr>
<td title='web.swipBox.test_cases.ServicePointFilters.servicePoints()'><b>servicePoints</b><br>Test class: web.swipBox.test_cases.ServicePointFilters<br/>
<a href="#Output-1649847375" onClick='toggleBox("Output-1649847375", this, "Show output", "Hide output");'>Show output</a>

<a href="#Output-1649847375" onClick="toggleAllBoxes();">Show all outputs</a>
<div class='log' id="Output-1649847375">
<br>Verification Success and you got text on page : Service points<br><br/>
<br><br/>
<a target="_blank" href="+TestUtil.screenshotName+ "><img src=Mon_Jun_10_10_32_33_PKT_2019.jpg height=500 width=500></img></a><br/>
<br><br/>
<a target="_blank" href=Mon_Jun_10_10_32_33_PKT_2019.jpg>Screenshot</a><br/>
<br><br/>
<a target="_blank" href="+TestUtil.screenshotName+ "><img src=Mon_Jun_10_10_32_33_PKT_2019.jpg height=500 width=500></img></a><br/>
</div>
</td>
<td></td>
<td>5</td>
<td>web.swipBox.test_cases.ServicePointFilters@2ceb80a1</td></tr>
<tr>
<td title='web.swipBox.test_cases.ServicePointFilters.servicePointsFiltersById()'><b>servicePointsFiltersById</b><br>Test class: web.swipBox.test_cases.ServicePointFilters<br>Parameters: SP11165, IslamAbadTesting, PL, Al Rehman Plaza , G-11<br/>
<a href="#Output-1663488386" onClick='toggleBox("Output-1663488386", this, "Show output", "Hide output");'>Show output</a>

<a href="#Output-1663488386" onClick="toggleAllBoxes();">Show all outputs</a>
<div class='log' id="Output-1663488386">
<br>Verification failure : expected [SP11165] but found [SP11223]<br><br/>
<br><br/>
<a target="_blank" href="+TestUtil.screenshotName+ "><img src=Mon_Jun_10_10_32_35_PKT_2019.jpg height=500 width=500></img></a><br/>
<br><br/>
<br><br/>
<a target="_blank" href=Mon_Jun_10_10_32_40_PKT_2019.jpg>Screenshot</a><br/>
<br><br/>
<a target="_blank" href="+TestUtil.screenshotName+ "><img src=Mon_Jun_10_10_32_40_PKT_2019.jpg height=500 width=500></img></a><br/>
</div>
</td>
<td></td>
<td>6</td>
<td>web.swipBox.test_cases.ServicePointFilters@2ceb80a1</td></tr>
</table><p>
<table width='100%' border='1' class='invocation-skipped'>
<tr><td colspan='4' align='center'><b>SKIPPED TESTS</b></td></tr>
<tr><td><b>Test method</b></td>
<td width="30%"><b>Exception</b></td>
<td width="10%"><b>Time (seconds)</b></td>
<td><b>Instance</b></td>
</tr>
<tr>
<td title='web.swipBox.test_cases.ServicePointFilters.servicePointsFiltersByAddress()'><b>servicePointsFiltersByAddress</b><br>Test class: web.swipBox.test_cases.ServicePointFilters</td>
<td></td>
<td>0</td>
<td>null</td></tr>
<tr>
<td title='web.swipBox.test_cases.ServicePointFilters.servicePointsFiltersBylocation()'><b>servicePointsFiltersBylocation</b><br>Test class: web.swipBox.test_cases.ServicePointFilters</td>
<td></td>
<td>0</td>
<td>null</td></tr>
</table><p>
</body>
</html>