<?xml version="1.0" encoding="UTF-8"?>
<testng-results skipped="2" failed="1" total="6" passed="3">
  <reporter-output>
    <line>
      <![CDATA[<br>Verification Success and you got text on page : Dashboard<br>]]>
    </line>
    <line>
      <![CDATA[<br>]]>
    </line>
    <line>
      <![CDATA[<a target="_blank" href="+TestUtil.screenshotName+ "><img src=Mon_Jun_10_10_32_27_PKT_2019.jpg height=500 width=500></img></a>]]>
    </line>
    <line>
      <![CDATA[<br>]]>
    </line>
    <line>
      <![CDATA[<a target="_blank" href=Mon_Jun_10_10_32_27_PKT_2019.jpg>Screenshot</a>]]>
    </line>
    <line>
      <![CDATA[<br>]]>
    </line>
    <line>
      <![CDATA[<a target="_blank" href="+TestUtil.screenshotName+ "><img src=Mon_Jun_10_10_32_27_PKT_2019.jpg height=500 width=500></img></a>]]>
    </line>
    <line>
      <![CDATA[<br>Verification Success and you got text on page : Service points<br>]]>
    </line>
    <line>
      <![CDATA[<br>]]>
    </line>
    <line>
      <![CDATA[<a target="_blank" href="+TestUtil.screenshotName+ "><img src=Mon_Jun_10_10_32_33_PKT_2019.jpg height=500 width=500></img></a>]]>
    </line>
    <line>
      <![CDATA[<br>]]>
    </line>
    <line>
      <![CDATA[<a target="_blank" href=Mon_Jun_10_10_32_33_PKT_2019.jpg>Screenshot</a>]]>
    </line>
    <line>
      <![CDATA[<br>]]>
    </line>
    <line>
      <![CDATA[<a target="_blank" href="+TestUtil.screenshotName+ "><img src=Mon_Jun_10_10_32_33_PKT_2019.jpg height=500 width=500></img></a>]]>
    </line>
    <line>
      <![CDATA[<br>Verification failure : expected [SP11165] but found [SP11223]<br>]]>
    </line>
    <line>
      <![CDATA[<br>]]>
    </line>
    <line>
      <![CDATA[<a target="_blank" href="+TestUtil.screenshotName+ "><img src=Mon_Jun_10_10_32_35_PKT_2019.jpg height=500 width=500></img></a>]]>
    </line>
    <line>
      <![CDATA[<br>]]>
    </line>
    <line>
      <![CDATA[<br>]]>
    </line>
    <line>
      <![CDATA[<a target="_blank" href=Mon_Jun_10_10_32_40_PKT_2019.jpg>Screenshot</a>]]>
    </line>
    <line>
      <![CDATA[<br>]]>
    </line>
    <line>
      <![CDATA[<a target="_blank" href="+TestUtil.screenshotName+ "><img src=Mon_Jun_10_10_32_40_PKT_2019.jpg height=500 width=500></img></a>]]>
    </line>
    <line>
      <![CDATA[Click to see the screenshot]]>
    </line>
    <line>
      <![CDATA[<a target="_blank" href=Mon_Jun_10_10_32_50_PKT_2019.jpg>Screenshot</a>]]>
    </line>
    <line>
      <![CDATA[<br>]]>
    </line>
    <line>
      <![CDATA[<a target="_blank" href="+TestUtil.screenshotName+ "><img src=Mon_Jun_10_10_32_50_PKT_2019.jpg height=500 width=500></img></a>]]>
    </line>
  </reporter-output>
  <suite name="Suite" duration-ms="33246" started-at="2019-06-10T05:32:17Z" finished-at="2019-06-10T05:32:51Z">
    <groups>
    </groups>
    <test name="Test" duration-ms="33246" started-at="2019-06-10T05:32:17Z" finished-at="2019-06-10T05:32:51Z">
      <class name="web.swipBox.test_cases.EmailLogin">
        <test-method status="PASS" signature="emailLogin(java.lang.String, java.lang.String)[pri:0, instance:web.swipBox.test_cases.EmailLogin@64ba3208]" name="emailLogin" duration-ms="9200" started-at="2019-06-10T10:32:17Z" data-provider="getData" finished-at="2019-06-10T10:32:27Z">
          <params>
            <param index="0">
              <value>
                <![CDATA[yasir.nazir@swipbox.com]]>
              </value>
            </param>
            <param index="1">
              <value>
                <![CDATA[12345678s]]>
              </value>
            </param>
          </params>
          <reporter-output>
            <line>
              <![CDATA[<br>Verification Success and you got text on page : Dashboard<br>]]>
            </line>
            <line>
              <![CDATA[<br>]]>
            </line>
            <line>
              <![CDATA[<a target="_blank" href="+TestUtil.screenshotName+ "><img src=Mon_Jun_10_10_32_27_PKT_2019.jpg height=500 width=500></img></a>]]>
            </line>
            <line>
              <![CDATA[<br>]]>
            </line>
            <line>
              <![CDATA[<a target="_blank" href=Mon_Jun_10_10_32_27_PKT_2019.jpg>Screenshot</a>]]>
            </line>
            <line>
              <![CDATA[<br>]]>
            </line>
            <line>
              <![CDATA[<a target="_blank" href="+TestUtil.screenshotName+ "><img src=Mon_Jun_10_10_32_27_PKT_2019.jpg height=500 width=500></img></a>]]>
            </line>
          </reporter-output>
        </test-method> <!-- emailLogin -->
      </class> <!-- web.swipBox.test_cases.EmailLogin -->
      <class name="web.swipBox.test_cases.ServicePointFilters">
        <test-method status="PASS" signature="servicePoints()[pri:0, instance:web.swipBox.test_cases.ServicePointFilters@2ceb80a1]" name="servicePoints" duration-ms="5393" started-at="2019-06-10T10:32:27Z" finished-at="2019-06-10T10:32:33Z">
          <reporter-output>
            <line>
              <![CDATA[<br>Verification Success and you got text on page : Service points<br>]]>
            </line>
            <line>
              <![CDATA[<br>]]>
            </line>
            <line>
              <![CDATA[<a target="_blank" href="+TestUtil.screenshotName+ "><img src=Mon_Jun_10_10_32_33_PKT_2019.jpg height=500 width=500></img></a>]]>
            </line>
            <line>
              <![CDATA[<br>]]>
            </line>
            <line>
              <![CDATA[<a target="_blank" href=Mon_Jun_10_10_32_33_PKT_2019.jpg>Screenshot</a>]]>
            </line>
            <line>
              <![CDATA[<br>]]>
            </line>
            <line>
              <![CDATA[<a target="_blank" href="+TestUtil.screenshotName+ "><img src=Mon_Jun_10_10_32_33_PKT_2019.jpg height=500 width=500></img></a>]]>
            </line>
          </reporter-output>
        </test-method> <!-- servicePoints -->
        <test-method status="PASS" signature="servicePointsFiltersById(java.lang.String, java.lang.String, java.lang.String, java.lang.String)[pri:0, instance:web.swipBox.test_cases.ServicePointFilters@2ceb80a1]" name="servicePointsFiltersById" duration-ms="6002" started-at="2019-06-10T10:32:33Z" data-provider="getData" depends-on-methods="web.swipBox.test_cases.ServicePointFilters.servicePoints" finished-at="2019-06-10T10:32:39Z">
          <params>
            <param index="0">
              <value>
                <![CDATA[SP11165]]>
              </value>
            </param>
            <param index="1">
              <value>
                <![CDATA[IslamAbadTesting]]>
              </value>
            </param>
            <param index="2">
              <value>
                <![CDATA[PL]]>
              </value>
            </param>
            <param index="3">
              <value>
                <![CDATA[Al Rehman Plaza , G-11]]>
              </value>
            </param>
          </params>
          <reporter-output>
            <line>
              <![CDATA[<br>Verification failure : expected [SP11165] but found [SP11223]<br>]]>
            </line>
            <line>
              <![CDATA[<br>]]>
            </line>
            <line>
              <![CDATA[<a target="_blank" href="+TestUtil.screenshotName+ "><img src=Mon_Jun_10_10_32_35_PKT_2019.jpg height=500 width=500></img></a>]]>
            </line>
            <line>
              <![CDATA[<br>]]>
            </line>
            <line>
              <![CDATA[<br>]]>
            </line>
            <line>
              <![CDATA[<a target="_blank" href=Mon_Jun_10_10_32_40_PKT_2019.jpg>Screenshot</a>]]>
            </line>
            <line>
              <![CDATA[<br>]]>
            </line>
            <line>
              <![CDATA[<a target="_blank" href="+TestUtil.screenshotName+ "><img src=Mon_Jun_10_10_32_40_PKT_2019.jpg height=500 width=500></img></a>]]>
            </line>
          </reporter-output>
        </test-method> <!-- servicePointsFiltersById -->
        <test-method status="FAIL" signature="servicePointsFiltersByType(java.lang.String, java.lang.String, java.lang.String, java.lang.String)[pri:0, instance:web.swipBox.test_cases.ServicePointFilters@2ceb80a1]" name="servicePointsFiltersByType" duration-ms="10409" started-at="2019-06-10T10:32:40Z" data-provider="getData" depends-on-methods="web.swipBox.test_cases.ServicePointFilters.servicePointsFiltersById" finished-at="2019-06-10T10:32:50Z">
          <params>
            <param index="0">
              <value>
                <![CDATA[SP11165]]>
              </value>
            </param>
            <param index="1">
              <value>
                <![CDATA[IslamAbadTesting]]>
              </value>
            </param>
            <param index="2">
              <value>
                <![CDATA[PL]]>
              </value>
            </param>
            <param index="3">
              <value>
                <![CDATA[Al Rehman Plaza , G-11]]>
              </value>
            </param>
          </params>
          <exception class="org.openqa.selenium.NoSuchElementException">
            <message>
              <![CDATA[no such element: Unable to locate element: {"method":"xpath","selector":"//div[1]/form/div/div/input[contains(text(),'Al Rehman Plaza , G-11')]"}
  (Session info: chrome=74.0.3729.169)
  (Driver info: chromedriver=74.0.3729.6 (255758eccf3d244491b8a1317aa76e1ce10d57e9-refs/branch-heads/3729@{#29}),platform=Windows NT 6.3.9600 x86_64) (WARNING: The server did not provide any stacktrace information)
Command duration or timeout: 10.03 seconds
For documentation on this error, please visit: http://seleniumhq.org/exceptions/no_such_element.html
Build info: version: '2.53.1', revision: 'a36b8b1cd5757287168e54b817830adce9b0158d', time: '2016-06-30 19:26:09'
System info: host: 'USER', ip: '192.168.0.110', os.name: 'Windows 8.1', os.arch: 'amd64', os.version: '6.3', java.version: '1.8.0_181'
Driver info: org.openqa.selenium.chrome.ChromeDriver
Capabilities [{mobileEmulationEnabled=false, timeouts={implicit=0, pageLoad=300000, script=30000}, hasTouchScreen=false, platform=WIN8_1, acceptSslCerts=false, goog:chromeOptions={debuggerAddress=localhost:49959}, acceptInsecureCerts=false, webStorageEnabled=true, browserName=chrome, takesScreenshot=true, javascriptEnabled=true, setWindowRect=true, unexpectedAlertBehaviour=ignore, applicationCacheEnabled=false, rotatable=false, networkConnectionEnabled=false, chrome={chromedriverVersion=74.0.3729.6 (255758eccf3d244491b8a1317aa76e1ce10d57e9-refs/branch-heads/3729@{#29}), userDataDir=C:\Users\admin\AppData\Local\Temp\scoped_dir5180_16191}, takesHeapSnapshot=true, pageLoadStrategy=normal, strictFileInteractability=false, databaseEnabled=false, handlesAlerts=true, version=74.0.3729.169, browserConnectionEnabled=false, proxy={}, nativeEvents=true, locationContextEnabled=true, cssSelectorsEnabled=true}]
Session ID: 0d9bf4cba459d911f63c7b534a4b0a23
*** Element info: {Using=xpath, value=//div[1]/form/div/div/input[contains(text(),'Al Rehman Plaza , G-11')]}]]>
            </message>
            <full-stacktrace>
              <![CDATA[org.openqa.selenium.NoSuchElementException: no such element: Unable to locate element: {"method":"xpath","selector":"//div[1]/form/div/div/input[contains(text(),'Al Rehman Plaza , G-11')]"}
  (Session info: chrome=74.0.3729.169)
  (Driver info: chromedriver=74.0.3729.6 (255758eccf3d244491b8a1317aa76e1ce10d57e9-refs/branch-heads/3729@{#29}),platform=Windows NT 6.3.9600 x86_64) (WARNING: The server did not provide any stacktrace information)
Command duration or timeout: 10.03 seconds
For documentation on this error, please visit: http://seleniumhq.org/exceptions/no_such_element.html
Build info: version: '2.53.1', revision: 'a36b8b1cd5757287168e54b817830adce9b0158d', time: '2016-06-30 19:26:09'
System info: host: 'USER', ip: '192.168.0.110', os.name: 'Windows 8.1', os.arch: 'amd64', os.version: '6.3', java.version: '1.8.0_181'
Driver info: org.openqa.selenium.chrome.ChromeDriver
Capabilities [{mobileEmulationEnabled=false, timeouts={implicit=0, pageLoad=300000, script=30000}, hasTouchScreen=false, platform=WIN8_1, acceptSslCerts=false, goog:chromeOptions={debuggerAddress=localhost:49959}, acceptInsecureCerts=false, webStorageEnabled=true, browserName=chrome, takesScreenshot=true, javascriptEnabled=true, setWindowRect=true, unexpectedAlertBehaviour=ignore, applicationCacheEnabled=false, rotatable=false, networkConnectionEnabled=false, chrome={chromedriverVersion=74.0.3729.6 (255758eccf3d244491b8a1317aa76e1ce10d57e9-refs/branch-heads/3729@{#29}), userDataDir=C:\Users\admin\AppData\Local\Temp\scoped_dir5180_16191}, takesHeapSnapshot=true, pageLoadStrategy=normal, strictFileInteractability=false, databaseEnabled=false, handlesAlerts=true, version=74.0.3729.169, browserConnectionEnabled=false, proxy={}, nativeEvents=true, locationContextEnabled=true, cssSelectorsEnabled=true}]
Session ID: 0d9bf4cba459d911f63c7b534a4b0a23
*** Element info: {Using=xpath, value=//div[1]/form/div/div/input[contains(text(),'Al Rehman Plaza , G-11')]}
	at sun.reflect.NativeConstructorAccessorImpl.newInstance0(Native Method)
	at sun.reflect.NativeConstructorAccessorImpl.newInstance(NativeConstructorAccessorImpl.java:62)
	at sun.reflect.DelegatingConstructorAccessorImpl.newInstance(DelegatingConstructorAccessorImpl.java:45)
	at java.lang.reflect.Constructor.newInstance(Constructor.java:423)
	at org.openqa.selenium.remote.ErrorHandler.createThrowable(ErrorHandler.java:206)
	at org.openqa.selenium.remote.ErrorHandler.throwIfResponseFailed(ErrorHandler.java:158)
	at org.openqa.selenium.remote.RemoteWebDriver.execute(RemoteWebDriver.java:678)
	at org.openqa.selenium.remote.RemoteWebDriver.findElement(RemoteWebDriver.java:363)
	at org.openqa.selenium.remote.RemoteWebDriver.findElementByXPath(RemoteWebDriver.java:500)
	at org.openqa.selenium.By$ByXPath.findElement(By.java:361)
	at org.openqa.selenium.remote.RemoteWebDriver.findElement(RemoteWebDriver.java:355)
	at web.swipBox.PageController.Page.verifyEquals(Page.java:270)
	at web.swipBox.PageObject.ServicePointsPage.filterServicePoint(ServicePointsPage.java:167)
	at web.swipBox.test_cases.ServicePointFilters.servicePointsFiltersByType(ServicePointFilters.java:32)
	at sun.reflect.NativeMethodAccessorImpl.invoke0(Native Method)
	at sun.reflect.NativeMethodAccessorImpl.invoke(NativeMethodAccessorImpl.java:62)
	at sun.reflect.DelegatingMethodAccessorImpl.invoke(DelegatingMethodAccessorImpl.java:43)
	at java.lang.reflect.Method.invoke(Method.java:498)
	at org.testng.internal.MethodInvocationHelper.invokeMethod(MethodInvocationHelper.java:84)
	at org.testng.internal.Invoker.invokeMethod(Invoker.java:714)
	at org.testng.internal.Invoker.invokeTestMethod(Invoker.java:901)
	at org.testng.internal.Invoker.invokeTestMethods(Invoker.java:1231)
	at org.testng.internal.TestMethodWorker.invokeTestMethods(TestMethodWorker.java:127)
	at org.testng.internal.TestMethodWorker.run(TestMethodWorker.java:111)
	at org.testng.TestRunner.privateRun(TestRunner.java:767)
	at org.testng.TestRunner.run(TestRunner.java:617)
	at org.testng.SuiteRunner.runTest(SuiteRunner.java:348)
	at org.testng.SuiteRunner.runSequentially(SuiteRunner.java:343)
	at org.testng.SuiteRunner.privateRun(SuiteRunner.java:305)
	at org.testng.SuiteRunner.run(SuiteRunner.java:254)
	at org.testng.SuiteRunnerWorker.runSuite(SuiteRunnerWorker.java:52)
	at org.testng.SuiteRunnerWorker.run(SuiteRunnerWorker.java:86)
	at org.testng.TestNG.runSuitesSequentially(TestNG.java:1224)
	at org.testng.TestNG.runSuitesLocally(TestNG.java:1149)
	at org.testng.TestNG.run(TestNG.java:1057)
	at org.apache.maven.surefire.testng.TestNGExecutor.run(TestNGExecutor.java:293)
	at org.apache.maven.surefire.testng.TestNGXmlTestSuite.execute(TestNGXmlTestSuite.java:84)
	at org.apache.maven.surefire.testng.TestNGProvider.invoke(TestNGProvider.java:91)
	at org.apache.maven.surefire.booter.ForkedBooter.invokeProviderInSameClassLoader(ForkedBooter.java:200)
	at org.apache.maven.surefire.booter.ForkedBooter.runSuitesInProcess(ForkedBooter.java:153)
	at org.apache.maven.surefire.booter.ForkedBooter.main(ForkedBooter.java:103)
]]>
            </full-stacktrace>
          </exception> <!-- org.openqa.selenium.NoSuchElementException -->
          <reporter-output>
            <line>
              <![CDATA[Click to see the screenshot]]>
            </line>
            <line>
              <![CDATA[<a target="_blank" href=Mon_Jun_10_10_32_50_PKT_2019.jpg>Screenshot</a>]]>
            </line>
            <line>
              <![CDATA[<br>]]>
            </line>
            <line>
              <![CDATA[<a target="_blank" href="+TestUtil.screenshotName+ "><img src=Mon_Jun_10_10_32_50_PKT_2019.jpg height=500 width=500></img></a>]]>
            </line>
          </reporter-output>
        </test-method> <!-- servicePointsFiltersByType -->
        <test-method status="SKIP" signature="servicePointsFiltersBylocation(java.lang.String, java.lang.String, java.lang.String, java.lang.String)[pri:0, instance:web.swipBox.test_cases.ServicePointFilters@2ceb80a1]" name="servicePointsFiltersBylocation" duration-ms="0" started-at="2019-06-10T10:32:51Z" data-provider="getData" depends-on-methods="web.swipBox.test_cases.ServicePointFilters.servicePointsFiltersByType" finished-at="2019-06-10T10:32:51Z">
          <reporter-output>
          </reporter-output>
        </test-method> <!-- servicePointsFiltersBylocation -->
        <test-method status="SKIP" signature="servicePointsFiltersByAddress(java.lang.String, java.lang.String, java.lang.String, java.lang.String)[pri:0, instance:web.swipBox.test_cases.ServicePointFilters@2ceb80a1]" name="servicePointsFiltersByAddress" duration-ms="0" started-at="2019-06-10T10:32:51Z" data-provider="getData" depends-on-methods="web.swipBox.test_cases.ServicePointFilters.servicePointsFiltersBylocation" finished-at="2019-06-10T10:32:51Z">
          <reporter-output>
          </reporter-output>
        </test-method> <!-- servicePointsFiltersByAddress -->
        <test-method status="PASS" signature="tearDown()[pri:0, instance:web.swipBox.test_cases.ServicePointFilters@2ceb80a1]" name="tearDown" is-config="true" duration-ms="926" started-at="2019-06-10T10:32:51Z" finished-at="2019-06-10T10:32:52Z">
          <reporter-output>
          </reporter-output>
        </test-method> <!-- tearDown -->
      </class> <!-- web.swipBox.test_cases.ServicePointFilters -->
    </test> <!-- Test -->
  </suite> <!-- Suite -->
</testng-results>
